<?xml version="1.0" encoding="UTF-8"?>
<!-- Generated by org.testng.reporters.JUnitReportReporter -->
<testsuite skipped="0" hostname="IMCBCP464-MSL1" name="test.day2" tests="1" failures="0" timestamp="2020-09-01T21:49:54 IST" time="0.001" errors="0">
  <testcase name="ploan" time="0.001" classname="test.day2"/>
  <system-out/>
</testsuite> <!-- test.day2 -->
