<?xml version="1.0" encoding="UTF-8"?>
<!-- Generated by org.testng.reporters.JUnitReportReporter -->
<testsuite skipped="0" hostname="IMCBCP464-MSL1" name="test.day3" tests="6" failures="0" timestamp="2020-09-01T21:49:54 IST" time="0.019" errors="0">
  <testcase name="MobileloginCarLoan" time="0.005" classname="test.day3"/>
  <system-out/>
  <testcase name="MobileloginCarLoan2" time="0.002" classname="test.day3"/>
  <system-out/>
  <testcase name="MobileloginCarLoan3" time="0.004" classname="test.day3"/>
  <system-out/>
  <testcase name="MobileloginCarLoan2" time="0.002" classname="test.day3"/>
  <system-out/>
  <testcase name="MobileloginCarLoan2" time="0.004" classname="test.day3"/>
  <system-out/>
  <testcase name="APILoginCarLoan" time="0.002" classname="test.day3"/>
  <system-out/>
</testsuite> <!-- test.day3 -->
