<?xml version="1.0" encoding="UTF-8"?>
<!-- Generated by org.testng.reporters.JUnitReportReporter -->
<testsuite skipped="0" hostname="IMCBCP464-MSL1" name="test.day4" tests="3" failures="0" timestamp="2020-09-01T21:49:54 IST" time="0.004" errors="0">
  <testcase name="LoginAPIHomeLoan" time="0.002" classname="test.day4"/>
  <system-out/>
  <testcase name="MobileloginHomeLoan" time="0.001" classname="test.day4"/>
  <system-out/>
  <testcase name="WebloginHomeLoan" time="0.001" classname="test.day4"/>
  <system-out/>
</testsuite> <!-- test.day4 -->
